Determining if the pthread_create exist failed with the following output:
Change Dir: /home/alex/Desktop/babka/adventure2019/cmake-build-debug/CMakeFiles/CMakeTmp

Run Build Command:"/usr/bin/make" "cmTC_e2e9b/fast"
/usr/bin/make -f CMakeFiles/cmTC_e2e9b.dir/build.make CMakeFiles/cmTC_e2e9b.dir/build
make[1]: Entering directory '/home/alex/Desktop/babka/adventure2019/cmake-build-debug/CMakeFiles/CMakeTmp'
Building C object CMakeFiles/cmTC_e2e9b.dir/CheckSymbolExists.c.o
/usr/bin/cc    -o CMakeFiles/cmTC_e2e9b.dir/CheckSymbolExists.c.o   -c /home/alex/Desktop/babka/adventure2019/cmake-build-debug/CMakeFiles/CMakeTmp/CheckSymbolExists.c
Linking C executable cmTC_e2e9b
/snap/clion/61/bin/cmake/linux/bin/cmake -E cmake_link_script CMakeFiles/cmTC_e2e9b.dir/link.txt --verbose=1
/usr/bin/cc      CMakeFiles/cmTC_e2e9b.dir/CheckSymbolExists.c.o  -o cmTC_e2e9b 
CMakeFiles/cmTC_e2e9b.dir/CheckSymbolExists.c.o: In function `main':
CheckSymbolExists.c:(.text+0x1b): undefined reference to `pthread_create'
collect2: error: ld returned 1 exit status
CMakeFiles/cmTC_e2e9b.dir/build.make:86: recipe for target 'cmTC_e2e9b' failed
make[1]: *** [cmTC_e2e9b] Error 1
make[1]: Leaving directory '/home/alex/Desktop/babka/adventure2019/cmake-build-debug/CMakeFiles/CMakeTmp'
Makefile:121: recipe for target 'cmTC_e2e9b/fast' failed
make: *** [cmTC_e2e9b/fast] Error 2

File /home/alex/Desktop/babka/adventure2019/cmake-build-debug/CMakeFiles/CMakeTmp/CheckSymbolExists.c:
/* */
#include <pthread.h>

int main(int argc, char** argv)
{
  (void)argv;
#ifndef pthread_create
  return ((int*)(&pthread_create))[argc];
#else
  (void)argc;
  return 0;
#endif
}

Determining if the function pthread_create exists in the pthreads failed with the following output:
Change Dir: /home/alex/Desktop/babka/adventure2019/cmake-build-debug/CMakeFiles/CMakeTmp

Run Build Command:"/usr/bin/make" "cmTC_50b18/fast"
/usr/bin/make -f CMakeFiles/cmTC_50b18.dir/build.make CMakeFiles/cmTC_50b18.dir/build
make[1]: Entering directory '/home/alex/Desktop/babka/adventure2019/cmake-build-debug/CMakeFiles/CMakeTmp'
Building C object CMakeFiles/cmTC_50b18.dir/CheckFunctionExists.c.o
/usr/bin/cc   -DCHECK_FUNCTION_EXISTS=pthread_create   -o CMakeFiles/cmTC_50b18.dir/CheckFunctionExists.c.o   -c /snap/clion/61/bin/cmake/linux/share/cmake-3.13/Modules/CheckFunctionExists.c
Linking C executable cmTC_50b18
/snap/clion/61/bin/cmake/linux/bin/cmake -E cmake_link_script CMakeFiles/cmTC_50b18.dir/link.txt --verbose=1
/usr/bin/cc  -DCHECK_FUNCTION_EXISTS=pthread_create    CMakeFiles/cmTC_50b18.dir/CheckFunctionExists.c.o  -o cmTC_50b18 -lpthreads 
/usr/bin/ld: cannot find -lpthreads
collect2: error: ld returned 1 exit status
CMakeFiles/cmTC_50b18.dir/build.make:86: recipe for target 'cmTC_50b18' failed
make[1]: *** [cmTC_50b18] Error 1
make[1]: Leaving directory '/home/alex/Desktop/babka/adventure2019/cmake-build-debug/CMakeFiles/CMakeTmp'
Makefile:121: recipe for target 'cmTC_50b18/fast' failed
make: *** [cmTC_50b18/fast] Error 2


